[bpplanning.com.my/index.html]
[bpplanning.com.my/xmlrpc.php]
[backblue.gif]
[fade.gif]
[index.html]
[bpplanning.com.my/wp-content/uploads/2015/12/bp_logo.png]
[bpplanning.com.my/wp-content/plugins/js_composer/assets/css/js_composer.min7752.css]
[bpplanning.com.my/wp-content/plugins/captcha/css/front_end_style4235.css]
[bpplanning.com.my/wp-includes/css/dashicons.mine049.css]
[bpplanning.com.my/wp-content/plugins/captcha/css/desktop_style4235.css]
[bpplanning.com.my/comments/feed/index.html]
[bpplanning.com.my/feed/index.html]
[bpplanning.com.my/wp-content/plugins/contact-form-7/includes/css/styles33a6.css]
[ajax.googleapis.com/ajax/libs/jqueryui/1.11.4/themes/flick/jquery-ui.mine899.css]
[bpplanning.com.my/wp-content/plugins/contact-form-7-datepicker/js/jquery-ui-timepicker/jquery-ui-timepicker-addon.mine049.css]
[bpplanning.com.my/wp-content/plugins/revslider/public/assets/css/settingsfc61.css]
[bpplanning.com.my/wp-content/themes/blueprintplanning/css/lib/font-awesome.minb2f9.css]
[bpplanning.com.my/wp-content/themes/blueprintplanning/style49eb.css]
[bpplanning.com.my/wp-content/themes/blueprintplanning/css/wpex-visual-composer49eb.css]
[bpplanning.com.my/wp-content/themes/blueprintplanning/css/wpex-visual-composer-extend49eb.css]
[bpplanning.com.my/wp-content/uploads/smile_fonts/Defaults/Defaultse049.css]
[bpplanning.com.my/wp-content/plugins/Ultimate_VC_Addons/assets/css/icons6e85.css]
[bpplanning.com.my/wp-content/plugins/Ultimate_VC_Addons/assets/min-css/ultimate.min6e85.css]
[bpplanning.com.my/wp-content/themes/blueprintplanning/css/wpex-responsive49eb.css]
[bpplanning.com.my/wp-includes/js/jquery/jquery-migrate.min330a.js]
[bpplanning.com.my/wp-includes/js/jquery/jqueryb8ff.js]
[bpplanning.com.my/wp-content/plugins/revslider/public/assets/js/jquery.themepunch.revolution.minfc61.js]
[bpplanning.com.my/xmlrpc0db0.php]
[bpplanning.com.my/wp-includes/wlwmanifest.xml]
[bpplanning.com.my/wp-json/index.html]
[bpplanning.com.my/wp-content/plugins/revslider/public/assets/js/jquery.themepunch.tools.minfc61.js]
[bpplanning.com.my/wp-json/oembed/1.0/embed875e.json]
[bpplanning.com.my/wp-json/oembed/1.0/embed2043]
[bpplanning.com.my/wp-content/uploads/2016/01/fv.jpg]
[bpplanning.com.my/wp-content/plugins/Ultimate_VC_Addons/assets/min-js/ultimate.min6e85.js]
[bpplanning.com.my/wp-content/uploads/2016/01/favi.png]
[bpplanning.com.my/wp-content/uploads/2015/12/about_bg-1-1284c.jpg]
[bpplanning.com.my/wp-content/uploads/2016/01/footer_form_bg-1024a.jpg]
[bpplanning.com.my/wp-content/uploads/2016/01/bp_logo.png]
[bpplanning.com.my/wp-content/plugins/revslider/admin/assets/images/dummy.png]
[www.google.com/recaptcha/api.js]
[bpplanning.com.my/wp-content/uploads/2016/01/mr-raju.jpg]
[bpplanning.com.my/about/index.html]
[bpplanning.com.my/wp-content/uploads/2016/01/thanga.jpg]
[bpplanning.com.my/about/meet-the-team/index.html]
[bpplanning.com.my/about/philosophy/index.html]
[bpplanning.com.my/about/our-clients/index.html]
[bpplanning.com.my/wp-content/uploads/2015/12/kellY-home.jpg]
[bpplanning.com.my/about/our-providers/index.html]
[bpplanning.com.my/wp-content/uploads/2016/01/maria.jpg]
[bpplanning.com.my/services/index.html]
[bpplanning.com.my/wp-content/uploads/2017/09/azizi-ali.jpg]
[bpplanning.com.my/services/financial-planning/index.html]
[bpplanning.com.my/wp-content/uploads/2016/01/alex-2.jpg]
[bpplanning.com.my/wp-content/uploads/2016/01/subra.jpg]
[bpplanning.com.my/services/product-advisory/index.html]
[bpplanning.com.my/services/cashflow-management/index.html]
[bpplanning.com.my/wp-content/uploads/2016/01/guna.jpg]
[bpplanning.com.my/services/retirement-planning/index.html]
[bpplanning.com.my/wp-content/uploads/2016/01/gor.jpg]
[bpplanning.com.my/services/investment-planning/index.html]
[bpplanning.com.my/wp-content/uploads/2017/05/yy.jpg]
[bpplanning.com.my/services/estate-planning/index.html]
[bpplanning.com.my/wp-content/uploads/2016/01/ravi_new.jpg]
[bpplanning.com.my/services/wealth-protection/index.html]
[bpplanning.com.my/services/small-business-solutions/index.html]
[bpplanning.com.my/wp-content/uploads/2015/12/01_services.png]
[bpplanning.com.my/services/islamic-financial-planning/index.html]
[bpplanning.com.my/services/international-wealth-management/index.html]
[bpplanning.com.my/wp-content/uploads/2016/04/02_services.png]
[bpplanning.com.my/services/family-office/index.html]
[bpplanning.com.my/wp-content/uploads/2015/12/03.png]
[bpplanning.com.my/working-together/index.html]
[bpplanning.com.my/wp-content/uploads/2015/12/thumb.jpg]
[bpplanning.com.my/working-together/advice-process/index.html]
[bpplanning.com.my/wp-content/uploads/2016/01/fido.png]
[bpplanning.com.my/working-together/ongoing-service/index.html]
[bpplanning.com.my/testimonials/index.html]
[w.sharethis.com/button/buttons.js]
[bpplanning.com.my/resources/gallery/index.html]
[bpplanning.com.my/resources/articles-and-videos/index.html]
[bpplanning.com.my/resources/calculators/index.html]
[bpplanning.com.my/wp-content/plugins/js_composer/assets/lib/bower/animate-css/animate.min7752.css]
[bpplanning.com.my/resources/download-forms/index.html]
[bpplanning.com.my/wp-content/themes/blueprintplanning/css/lib/hover-css.min7406.css]
[bpplanning.com.my/resources/useful-links/index.html]
[bpplanning.com.my/life-financial-planner/index.html]
[bpplanning.com.my/life-financial-planner/why-work-with-us/index.html]
[bpplanning.com.my/life-financial-planner/vacancies/index.html]
[bpplanning.com.my/life-financial-planner/professional-opportunities/index.html]
[bpplanning.com.my/wp-content/plugins/contact-form-7/includes/js/scripts33a6.js]
[bpplanning.com.my/wp-includes/js/jquery/ui/core.mine899.js]
[www.google-analytics.com/analytics.js]
[bpplanning.com.my/strategic-professional-alliance/index.html]
[bpplanning.com.my/life-financial-planner/internships/index.html]
[bpplanning.com.my/category/news/index.html]
[bpplanning.com.my/contact/index.html]
[bpplanning.com.my/wp-includes/js/jquery/ui/mouse.mine899.js]
[bpplanning.com.my/wp-includes/js/jquery/ui/widget.mine899.js]
[bpplanning.com.my/wp-includes/js/jquery/ui/datepicker.mine899.js]
[bpplanning.com.my/about/meet-the-team/vp-thanga/index.html]
[bpplanning.com.my/wp-content/plugins/contact-form-7-datepicker/js/jquery-ui-timepicker/jquery-ui-timepicker-addon.mine049.js]
[bpplanning.com.my/wp-includes/js/jquery/ui/slider.mine899.js]
[bpplanning.com.my/about/meet-the-team/normaria-omar/index.html]
[bpplanning.com.my/about/meet-the-team/raju-k-ramasamy/index.html]
[bpplanning.com.my/about/meet-the-team/kelly-wong-li-yuin/index.html]
[bpplanning.com.my/azizi-ali/index.html]
[bpplanning.com.my/about/meet-the-team/alex-ng-wern-ping/index.html]
[bpplanning.com.my/about/meet-the-team/shanmugam-subramanian/index.html]
[bpplanning.com.my/about/meet-the-team/gunaseelan-kannan/index.html]
[bpplanning.com.my/about/meet-the-team/gor-sheau-shuenn/index.html]
[bpplanning.com.my/about/meet-the-team/yeong-yeng-yee/index.html]
[bpplanning.com.my/wp-content/plugins/contact-form-7-datepicker/js/jquery-ui-sliderAccesse049.js]
[bpplanning.com.my/wp-includes/js/jquery/ui/button.mine899.js]
[bpplanning.com.my/wp-includes/js/wp-embed.mine049.js]
[bpplanning.com.my/professional-business-opportunity-preview-financial-planning-advisory/index.html]
[bpplanning.com.my/career-helping-people-achieve-financial-freedom/index.html]
[bpplanning.com.my/about/meet-the-team/ravindran-nair-vasudevan-nair/index.html]
[bpplanning.com.my/new-heir-managing-inheritance-shuenn-gor/index.html]
[bpplanning.com.my/index.html]
[bpplanning.com.my/wp-content/plugins/js_composer/assets/lib/waypoints/waypoints.min7752.js]
[bpplanning.com.my/wp-content/plugins/js_composer/assets/js/dist/js_composer_front.min7752.js]
[bpplanning.com.my/strategising-investment-based-income-bracket-risk-profile-shuenn-gor/index.html]
[bpplanning.com.my/xmlrpc.php]
[bpplanning.com.my/debt-free-vs-retirement-savings-priorities-shuenn-gor/index.html]
[bpplanning.com.my/wp-content/plugins/js_composer/assets/vc/alert.png]
[bpplanning.com.my/retirement-kelly-wong/index.html]
[bpplanning.com.my/making-child-future-millionaire-peter-jose/index.html]
[bpplanning.com.my/privacy-policy/index.html]
[bpplanning.com.my/disclaimer/index.html]
[bpplanning.com.my/terms-conditions/index.html]
[bpplanning.com.my/wp-content/plugins/js_composer/assets/vc/info.png]
[bpplanning.com.my/wp-content/plugins/js_composer/assets/vc/tick.png]
[bpplanning.com.my/wp-content/plugins/js_composer/assets/vc/exclamation.png]
[bpplanning.com.my/wp-content/plugins/js_composer/assets/images/icons/address-book.png]
[bpplanning.com.my/wp-content/plugins/js_composer/assets/images/icons/alarm-clock.png]
[bpplanning.com.my/wp-content/plugins/js_composer/assets/images/icons/anchor.png]
[bpplanning.com.my/wp-content/plugins/js_composer/assets/images/icons/application-image.png]
[bpplanning.com.my/wp-content/plugins/js_composer/assets/images/icons/arrow.png]
[bpplanning.com.my/wp-content/plugins/js_composer/assets/images/icons/asterisk.png]
[bpplanning.com.my/wp-content/plugins/js_composer/assets/images/icons/auction-hammer.png]
[bpplanning.com.my/wp-content/plugins/js_composer/assets/images/icons/balloon.png]
[bpplanning.com.my/wp-content/plugins/js_composer/assets/images/icons/balloon-buzz.png]
[bpplanning.com.my/wp-content/plugins/js_composer/assets/images/icons/balloon-facebook.png]
[bpplanning.com.my/wp-content/plugins/js_composer/assets/images/icons/balloon-twitter.png]
[bpplanning.com.my/wp-content/themes/blueprintplanning/js/total-min49eb.js]
[bpplanning.com.my/wp-content/plugins/js_composer/assets/images/icons/battery-full.png]
[bpplanning.com.my/wp-content/plugins/js_composer/assets/images/icons/binocular.png]
[bpplanning.com.my/wp-content/plugins/js_composer/assets/images/icons/blue-document-excel.png]
[bpplanning.com.my/wp-content/plugins/js_composer/assets/images/icons/blue-document-image.png]
[bpplanning.com.my/wp-content/plugins/js_composer/assets/images/icons/blue-document-music.png]
[bpplanning.com.my/wp-content/plugins/js_composer/assets/images/icons/blue-document-office.png]
[bpplanning.com.my/wp-content/plugins/js_composer/assets/images/icons/blue-document-pdf.png]
[bpplanning.com.my/wp-content/plugins/js_composer/assets/images/icons/blue-document-powerpoint.png]
[bpplanning.com.my/wp-content/plugins/js_composer/assets/images/icons/blue-document-word.png]
[bpplanning.com.my/wp-content/plugins/js_composer/assets/images/icons/bookmark.png]
[bpplanning.com.my/wp-content/plugins/js_composer/assets/images/icons/camcorder.png]
[bpplanning.com.my/wp-content/plugins/js_composer/assets/images/icons/camera.png]
[bpplanning.com.my/wp-content/plugins/js_composer/assets/images/icons/chart.png]
[bpplanning.com.my/wp-content/plugins/js_composer/assets/images/icons/chart-pie.png]
[bpplanning.com.my/wp-content/plugins/js_composer/assets/images/icons/clock.png]
[bpplanning.com.my/wp-content/plugins/js_composer/assets/images/icons/control.png]
[bpplanning.com.my/wp-content/plugins/js_composer/assets/images/icons/fire.png]
[bpplanning.com.my/wp-content/plugins/js_composer/assets/images/icons/heart.png]
[bpplanning.com.my/wp-content/plugins/js_composer/assets/images/icons/mail.png]
[bpplanning.com.my/wp-content/plugins/js_composer/assets/images/icons/plus-shield.png]
[bpplanning.com.my/wp-content/plugins/js_composer/assets/images/icons/video.png]
[bpplanning.com.my/wp-content/plugins/js_composer/assets/fonts/vc_icons/fonts/VC-Icons8309.ttf]
[bpplanning.com.my/wp-content/plugins/js_composer/assets/fonts/vc_icons/fonts/VC-Icons8309.woff]
[bpplanning.com.my/wp-content/plugins/js_composer/assets/fonts/vc_icons/fonts/VC-Icons8309.svg]
[bpplanning.com.my/wp-content/plugins/js_composer/assets/images/toggle_open.png]
[bpplanning.com.my/wp-content/plugins/js_composer/assets/images/toggle_close.png]
[bpplanning.com.my/wp-content/plugins/js_composer/assets/images/flickr.png]
[bpplanning.com.my/wp-content/plugins/js_composer/assets/fonts/vc_grid/vc_grid_v157a1.eot]
[bpplanning.com.my/wp-content/plugins/js_composer/assets/fonts/vc_grid/vc_grid_v1d41d.eot]
[bpplanning.com.my/wp-content/plugins/js_composer/assets/fonts/vc_grid/vc_grid_v157a1.woff]
[bpplanning.com.my/wp-content/plugins/js_composer/assets/fonts/vc_grid/vc_grid_v157a1.ttf]
[bpplanning.com.my/wp-content/plugins/js_composer/assets/fonts/vc_grid/vc_grid_v157a1.svg]
[bpplanning.com.my/wp-content/plugins/js_composer/assets/images/spinner.gif]
[bpplanning.com.my/wp-content/plugins/js_composer/assets/vc/remove.png]
[bpplanning.com.my/wp-content/plugins/js_composer/assets/css/js_composer.min7752.css]
[bpplanning.com.my/wp-content/plugins/captcha/css/front_end_style4235.css]
[bpplanning.com.my/wp-includes/css/dashicons.mine049.css]
[bpplanning.com.my/wp-content/plugins/captcha/css/desktop_style4235.css]
[bpplanning.com.my/wp-content/plugins/contact-form-7/images/ajax-loader.gif]
[bpplanning.com.my/wp-content/plugins/contact-form-7/includes/css/styles33a6.css]
[bpplanning.com.my/wp-includes/fonts/dashicons.eot]
[ajax.googleapis.com/ajax/libs/jqueryui/1.11.4/themes/flick/images/ui-bg_flat_75_ffffff_40x100.png]
[ajax.googleapis.com/ajax/libs/jqueryui/1.11.4/themes/flick/images/ui-bg_highlight-soft_50_dddddd_1x100.png]
[ajax.googleapis.com/ajax/libs/jqueryui/1.11.4/themes/flick/images/ui-bg_highlight-soft_100_f6f6f6_1x100.png]
[ajax.googleapis.com/ajax/libs/jqueryui/1.11.4/themes/flick/images/ui-bg_highlight-soft_25_0073ea_1x100.png]
[ajax.googleapis.com/ajax/libs/jqueryui/1.11.4/themes/flick/images/ui-bg_glass_65_ffffff_1x400.png]
[ajax.googleapis.com/ajax/libs/jqueryui/1.11.4/themes/flick/images/ui-bg_flat_55_ffffff_40x100.png]
[ajax.googleapis.com/ajax/libs/jqueryui/1.11.4/themes/flick/images/ui-icons_ff0084_256x240.png]
[ajax.googleapis.com/ajax/libs/jqueryui/1.11.4/themes/flick/images/ui-icons_0073ea_256x240.png]
[ajax.googleapis.com/ajax/libs/jqueryui/1.11.4/themes/flick/images/ui-icons_666666_256x240.png]
[ajax.googleapis.com/ajax/libs/jqueryui/1.11.4/themes/flick/images/ui-icons_ffffff_256x240.png]
[ajax.googleapis.com/ajax/libs/jqueryui/1.11.4/themes/flick/images/ui-icons_454545_256x240.png]
[ajax.googleapis.com/ajax/libs/jqueryui/1.11.4/themes/flick/images/ui-bg_flat_0_eeeeee_40x100.png]
[ajax.googleapis.com/ajax/libs/jqueryui/1.11.4/themes/flick/images/ui-bg_flat_0_aaaaaa_40x100.png]
[ajax.googleapis.com/ajax/libs/jqueryui/1.11.4/themes/flick/jquery-ui.mine899.css]
[bpplanning.com.my/wp-content/plugins/contact-form-7-datepicker/js/jquery-ui-timepicker/jquery-ui-timepicker-addon.mine049.css]
[bpplanning.com.my/wp-content/plugins/revslider/public/assets/fonts/revicons/revicons90c6.eot]
[bpplanning.com.my/wp-content/plugins/revslider/public/assets/fonts/revicons/revicons90c6.woff]
[bpplanning.com.my/wp-content/plugins/revslider/public/assets/fonts/revicons/revicons90c6.svg]
[bpplanning.com.my/wp-content/plugins/revslider/public/assets/css/openhand.cur]
[bpplanning.com.my/wp-content/plugins/revslider/public/assets/fonts/revicons/revicons90c6.ttf]
[bpplanning.com.my/wp-content/plugins/revslider/public/assets/css/closedhand.cur]
[bpplanning.com.my/wp-content/plugins/revslider/public/assets/assets/gridtile.png]
[bpplanning.com.my/wp-content/plugins/revslider/public/assets/assets/gridtile_white.png]
[bpplanning.com.my/wp-content/plugins/revslider/public/assets/assets/gridtile_3x3.png]
[bpplanning.com.my/wp-content/plugins/revslider/public/assets/assets/gridtile_3x3_white.png]
[bpplanning.com.my/wp-content/plugins/revslider/public/assets/assets/coloredbg.png]
[bpplanning.com.my/wp-content/plugins/revslider/public/assets/assets/loader.gif]
[bpplanning.com.my/wp-content/plugins/revslider/public/assets/css/settingsfc61.css]
[bpplanning.com.my/wp-content/themes/blueprintplanning/css/fonts/fontawesome-webfont5b62.eot]
[bpplanning.com.my/wp-content/themes/blueprintplanning/css/fonts/fontawesome-webfontd41d.eot]
[bpplanning.com.my/wp-content/themes/blueprintplanning/css/fonts/fontawesome-webfont5b62.woff2]
[bpplanning.com.my/wp-content/themes/blueprintplanning/css/lib/font-awesome.minb2f9.css]
[bpplanning.com.my/wp-content/themes/blueprintplanning/images/highlight-left.png]
[bpplanning.com.my/wp-content/themes/blueprintplanning/css/fonts/fontawesome-webfont5b62.svg]
[bpplanning.com.my/wp-content/themes/blueprintplanning/images/highlight-center.png]
[bpplanning.com.my/wp-content/themes/blueprintplanning/images/highlight-right.png]
[bpplanning.com.my/wp-content/themes/blueprintplanning/images/dotted-overlay.png]
[bpplanning.com.my/wp-content/themes/blueprintplanning/images/dashed-overlay.png]
[bpplanning.com.my/wp-content/themes/blueprintplanning/images/overlay-plus.png]
[bpplanning.com.my/wp-content/themes/blueprintplanning/images/quote.png]
[bpplanning.com.my/wp-content/themes/blueprintplanning/images/full-screen-overlay-nav-close-black.png]
[bpplanning.com.my/wp-content/themes/blueprintplanning/images/full-screen-overlay-nav-close-white.png]
[bpplanning.com.my/wp-content/themes/blueprintplanning/css/fonts/fontawesome-webfont5b62.woff]
[bpplanning.com.my/wp-content/themes/blueprintplanning/owl.video.play.png]
[bpplanning.com.my/wp-content/themes/blueprintplanning/images/loader.gif]
[bpplanning.com.my/wp-content/themes/blueprintplanning/closedhand.cur]
[bpplanning.com.my/wp-content/themes/blueprintplanning/css/fonts/fontawesome-webfont5b62.ttf]
[bpplanning.com.my/wp-content/themes/social_icons/facebook_16.png]
[bpplanning.com.my/wp-content/themes/social_icons/digg_16.png]
[bpplanning.com.my/wp-content/themes/social_icons/twitter_16.png]
[bpplanning.com.my/wp-content/themes/social_icons/delicious_16.png]
[bpplanning.com.my/wp-content/themes/social_icons/reddit_16.png]
[bpplanning.com.my/wp-content/themes/social_icons/google_plus_16.png]
[bpplanning.com.my/wp-content/themes/blueprintplanning/images/openhand.cur]
[bpplanning.com.my/wp-content/themes/blueprintplanning/images/closedhand.cur]
[bpplanning.com.my/wp-content/themes/blueprintplanning/style49eb.css]
[bpplanning.com.my/wp-content/themes/blueprintplanning/css/wpex-visual-composer49eb.css]
[bpplanning.com.my/wp-content/themes/blueprintplanning/images/check.png]
[bpplanning.com.my/wp-content/themes/blueprintplanning/images/bullets-gray.png]
[bpplanning.com.my/wp-content/themes/blueprintplanning/images/bullets-black.png]
[bpplanning.com.my/wp-content/themes/blueprintplanning/images/bullets-blue.png]
[bpplanning.com.my/wp-content/themes/blueprintplanning/images/bullets-red.png]
[bpplanning.com.my/wp-content/themes/blueprintplanning/images/bullets-purple.png]
[bpplanning.com.my/wp-content/themes/blueprintplanning/images/dotted.png]
[bpplanning.com.my/wp-content/themes/blueprintplanning/css/wpex-visual-composer-extend49eb.css]
[bpplanning.com.my/wp-content/uploads/smile_fonts/Defaults/Defaults21ea.eot]
[bpplanning.com.my/wp-content/uploads/smile_fonts/Defaults/Defaults21ea.svg]
[bpplanning.com.my/wp-content/uploads/smile_fonts/Defaults/Defaultse049.css]
[bpplanning.com.my/wp-content/plugins/Ultimate_VC_Addons/assets/min-css/fonts/ult-silk.eot]
[bpplanning.com.my/wp-content/plugins/Ultimate_VC_Addons/assets/min-css/fonts/ult-silk.woff]
[bpplanning.com.my/wp-content/uploads/smile_fonts/Defaults/Defaultsd41d.eot]
[bpplanning.com.my/wp-content/plugins/Ultimate_VC_Addons/assets/min-css/fonts/ult-silk.ttf]
[bpplanning.com.my/wp-content/plugins/Ultimate_VC_Addons/assets/min-css/fonts/ult-silk.svg]
[bpplanning.com.my/wp-content/plugins/Ultimate_VC_Addons/assets/min-css/ultimate.min6e85.css]
[bpplanning.com.my/wp-content/uploads/smile_fonts/Defaults/Defaults21ea.woff]
[bpplanning.com.my/wp-content/plugins/Ultimate_VC_Addons/assets/css/fonts/ult-silk.eot]
[bpplanning.com.my/wp-content/uploads/smile_fonts/Defaults/Defaults21ea.ttf]
[bpplanning.com.my/wp-content/plugins/Ultimate_VC_Addons/assets/css/fonts/ult-silk.woff]
[bpplanning.com.my/wp-content/plugins/Ultimate_VC_Addons/assets/css/fonts/ult-silk.ttf]
[bpplanning.com.my/wp-content/plugins/Ultimate_VC_Addons/assets/css/fonts/ult-silk.svg]
[bpplanning.com.my/wp-content/plugins/Ultimate_VC_Addons/assets/css/icons6e85.css]
[bpplanning.com.my/wp-content/themes/blueprintplanning/css/wpex-responsive49eb.css]
[bpplanning.com.my/wp-json/oembed/1.0/embedad96.json]
[bpplanning.com.my/indexb5fb.html]
[bpplanning.com.my/wp-json/oembed/1.0/embedf3b8]
[bpplanning.com.my/wp-content/uploads/2015/12/about_us-1.jpg]
[bpplanning.com.my/about/index.html]
[bpplanning.com.my/about/meet-the-team/navitha/index.html]
[bpplanning.com.my/about/meet-the-team/jathy-teow-bih-jiun/index.html]
[bpplanning.com.my/about/meet-the-team/nurul-akmalina-bt-abu-samah/index.html]
[bpplanning.com.my/wp-json/oembed/1.0/embeddf0c.json]
[bpplanning.com.my/indexd1a7.html]
[bpplanning.com.my/wp-json/oembed/1.0/embed5c2d]
[bpplanning.com.my/wp-content/uploads/2016/01/01112016.jpg]
[bpplanning.com.my/wp-content/plugins/js_composer/assets/lib/prettyphoto/css/prettyPhoto.min7752.css]
[bpplanning.com.my/about/meet-the-team/index.html]
[bpplanning.com.my/wp-content/plugins/js_composer/assets/lib/prettyphoto/js/jquery.prettyPhoto.min7752.js]
[bpplanning.com.my/wp-json/oembed/1.0/embed4fa6.json]
[bpplanning.com.my/indexdb4e.html]
[bpplanning.com.my/wp-json/oembed/1.0/embedf8c6]
[bpplanning.com.my/wp-content/uploads/2016/01/philosophy.jpg]
[bpplanning.com.my/about/philosophy/index.html]
[bpplanning.com.my/wp-json/oembed/1.0/embed6075.json]
[bpplanning.com.my/index47f2.html]
[bpplanning.com.my/wp-json/oembed/1.0/embede086]
[bpplanning.com.my/wp-content/uploads/2016/01/clients.jpg]
[bpplanning.com.my/about/our-clients/index.html]
[bpplanning.com.my/wp-content/uploads/2016/01/01.jpg]
[bpplanning.com.my/wp-content/uploads/2016/01/02.jpg]
[bpplanning.com.my/wp-content/uploads/2016/01/03.jpg]
[bpplanning.com.my/wp-content/uploads/2016/01/04.jpg]
[bpplanning.com.my/wp-content/uploads/2016/01/05.jpg]
[bpplanning.com.my/wp-content/uploads/2016/01/06.jpg]
[bpplanning.com.my/wp-content/uploads/2016/01/07.jpg]
[bpplanning.com.my/wp-content/uploads/2016/01/08.jpg]
[bpplanning.com.my/wp-content/uploads/2016/01/09.jpg]
[bpplanning.com.my/wp-content/uploads/2016/01/kenanga.jpg]
[bpplanning.com.my/wp-content/uploads/2016/01/11.jpg]
[bpplanning.com.my/wp-content/uploads/2016/01/12.jpg]
[bpplanning.com.my/wp-content/uploads/2016/01/13.jpg]
[bpplanning.com.my/wp-content/uploads/2016/01/salihin.png]
[bpplanning.com.my/wp-content/uploads/2016/01/takaful.jpg]
[bpplanning.com.my/wp-content/uploads/2016/01/pb.jpg]
[bpplanning.com.my/wp-json/oembed/1.0/embedbe65.json]
[bpplanning.com.my/indexd251.html]
[bpplanning.com.my/wp-json/oembed/1.0/embedfc62]
[bpplanning.com.my/wp-content/uploads/2016/01/lonpac.png]
[bpplanning.com.my/wp-content/uploads/2016/01/allianz_logo.jpg]
[bpplanning.com.my/wp-content/uploads/2016/01/RL360.jpg]
[bpplanning.com.my/wp-content/uploads/2016/01/PT.jpg]
[bpplanning.com.my/wp-content/uploads/2016/01/photo.jpg]
[bpplanning.com.my/wp-content/uploads/2016/01/Zurich_rged_R_takaful_rgb.jpg]
[bpplanning.com.my/about/our-providers/index.html]
[bpplanning.com.my/wp-json/oembed/1.0/embed769f.json]
[bpplanning.com.my/index5757.html]
[bpplanning.com.my/wp-json/oembed/1.0/embed33d7]
[bpplanning.com.my/wp-content/uploads/2015/12/services.jpg]
[bpplanning.com.my/wp-content/uploads/2016/06/01_services.png]
[bpplanning.com.my/wp-content/uploads/2016/06/03.png]
[bpplanning.com.my/services/index.html]
[bpplanning.com.my/wp-json/oembed/1.0/embedba05.json]
[bpplanning.com.my/indexbc6e.html]
[bpplanning.com.my/wp-json/oembed/1.0/embed5afc]
[bpplanning.com.my/wp-content/uploads/2016/01/financial.jpg]
[bpplanning.com.my/services/financial-planning/index.html]
[bpplanning.com.my/wp-json/oembed/1.0/embedd59d.json]
[bpplanning.com.my/indexe4db.html]
[bpplanning.com.my/wp-json/oembed/1.0/embed4e07]
[bpplanning.com.my/wp-content/uploads/2016/01/advisory.jpg]
[bpplanning.com.my/services/product-advisory/index.html]
[bpplanning.com.my/wp-json/oembed/1.0/embed0d30.json]
[bpplanning.com.my/indexe4c6.html]
[bpplanning.com.my/wp-json/oembed/1.0/embedfe1a]
[bpplanning.com.my/wp-content/uploads/2016/01/cashflow.jpg]
[bpplanning.com.my/services/cashflow-management/index.html]
[bpplanning.com.my/wp-json/oembed/1.0/embede0ff.json]
[bpplanning.com.my/index8c34.html]
[bpplanning.com.my/wp-json/oembed/1.0/embed6bbf]
[bpplanning.com.my/wp-content/uploads/2016/01/retirement.jpg]
[bpplanning.com.my/services/retirement-planning/index.html]
[bpplanning.com.my/wp-json/oembed/1.0/embed8393.json]
[bpplanning.com.my/index50f6.html]
[bpplanning.com.my/wp-json/oembed/1.0/embedc95e]
[bpplanning.com.my/wp-content/uploads/2016/01/invesment-planning.jpg]
[bpplanning.com.my/services/investment-planning/index.html]
[bpplanning.com.my/wp-json/oembed/1.0/embedd4e3.json]
[bpplanning.com.my/index85b0.html]
[bpplanning.com.my/wp-json/oembed/1.0/embedf41e]
[bpplanning.com.my/wp-content/uploads/2016/01/estate.jpg]
[bpplanning.com.my/services/estate-planning/index.html]
[bpplanning.com.my/wp-json/oembed/1.0/embed36ab.json]
[bpplanning.com.my/index1639.html]
[bpplanning.com.my/wp-json/oembed/1.0/embed9b9f]
[bpplanning.com.my/wp-content/uploads/2016/01/protexction.jpg]
[bpplanning.com.my/services/wealth-protection/index.html]
[bpplanning.com.my/wp-json/oembed/1.0/embed69e9.json]
[bpplanning.com.my/index4978.html]
[bpplanning.com.my/wp-json/oembed/1.0/embeddb09]
[bpplanning.com.my/wp-content/uploads/2016/01/Small-Business-Solutions.jpg]
[bpplanning.com.my/services/small-business-solutions/index.html]
[bpplanning.com.my/wp-json/oembed/1.0/embedef9f.json]
[bpplanning.com.my/indexcf9a.html]
[bpplanning.com.my/wp-json/oembed/1.0/embed6a0c]
[bpplanning.com.my/wp-content/uploads/2016/01/islamixc.jpg]
[bpplanning.com.my/services/islamic-financial-planning/index.html]
[bpplanning.com.my/wp-json/oembed/1.0/embed605e.json]
[bpplanning.com.my/indexa943.html]
[bpplanning.com.my/wp-json/oembed/1.0/embede6e4]
[bpplanning.com.my/wp-content/uploads/2016/01/kk.jpg]
[bpplanning.com.my/services/international-wealth-management/index.html]
[bpplanning.com.my/wp-json/oembed/1.0/embed4b70.json]
[bpplanning.com.my/index01e4.html]
[bpplanning.com.my/services/family-office/index.html]
[bpplanning.com.my/wp-json/oembed/1.0/embed2ddb]
[bpplanning.com.my/wp-json/oembed/1.0/embed1da1.json]
[bpplanning.com.my/index2dc4.html]
[bpplanning.com.my/wp-json/oembed/1.0/embedc186]
[bpplanning.com.my/wp-content/uploads/2015/12/working-together2.jpg]
[bpplanning.com.my/working-together/index.html]
[bpplanning.com.my/wp-json/oembed/1.0/embed3a26.json]
[bpplanning.com.my/index8e01.html]
[bpplanning.com.my/wp-json/oembed/1.0/embed9811]
[bpplanning.com.my/wp-content/uploads/2016/01/working-together.jpg]
[bpplanning.com.my/working-together/advice-process/index.html]
[bpplanning.com.my/wp-json/oembed/1.0/embedb5ff.json]
[bpplanning.com.my/indexada0.html]
[bpplanning.com.my/wp-json/oembed/1.0/embed6d36]
[bpplanning.com.my/wp-content/uploads/2016/01/ongoing.jpg]
[bpplanning.com.my/working-together/ongoing-service/index.html]
[bpplanning.com.my/wp-json/oembed/1.0/embed6b80.json]
[bpplanning.com.my/indexa1ca.html]
[bpplanning.com.my/testimonials/index.html]
[bpplanning.com.my/wp-json/oembed/1.0/embed4b0b]
[bpplanning.com.my/wp-json/oembed/1.0/embed3a65.json]
[bpplanning.com.my/indexcb8c.html]
[bpplanning.com.my/wp-json/oembed/1.0/embedd1d5]
[bpplanning.com.my/resources/index.html]
[bpplanning.com.my/father-hero-gunaseelan-al-kannan/index.html]
[bpplanning.com.my/wp-content/uploads/2017/05/Kelly-article-Why-Invest-Bursa-Mkt-Place.pdf]
[bpplanning.com.my/risk-protection-planning-fits-financial-planning/index.html]
[bpplanning.com.my/retirement-planning-in-your-20s-30s-40s-and-50s/index.html]
[bpplanning.com.my/wp-content/uploads/2017/05/30DaysToFinancialFitness-Morningstar.pdf]
[bpplanning.com.my/resources/articles-and-videos/index.html]
[bpplanning.com.my/malaysian-financial-planner-of-the-year-award-mfpya/index.html]
[bpplanning.com.my/malaysia-financial-planner-year-award-mfpya-2017/index.html]
[bpplanning.com.my/wp-json/oembed/1.0/embedec54.json]
[bpplanning.com.my/indexff9b.html]
[bpplanning.com.my/wp-json/oembed/1.0/embed0e60]
[bpplanning.com.my/wp-includes/js/underscore.min4511.js]
[bpplanning.com.my/wp-content/plugins/js_composer/assets/lib/bower/imagesloaded/imagesloaded.pkgd.mine049.js]
[bpplanning.com.my/wp-content/plugins/js_composer/assets/lib/owl-carousel2-dist/owl.carousel.min7752.js]
[bpplanning.com.my/resources/gallery/index.html]
[bpplanning.com.my/wp-content/plugins/js_composer/assets/js/dist/vc_grid.min7752.js]
[bpplanning.com.my/wp-json/oembed/1.0/embed39cb.json]
[bpplanning.com.my/indexdd01.html]
[bpplanning.com.my/resources/calculators/index.html]
[bpplanning.com.my/wp-json/oembed/1.0/embed74fb]
[bpplanning.com.my/wp-json/oembed/1.0/embed8de9.json]
[bpplanning.com.my/indexf167.html]
[bpplanning.com.my/resources/download-forms/index.html]
[bpplanning.com.my/wp-json/oembed/1.0/embedf40e]
[bpplanning.com.my/wp-json/oembed/1.0/embed9ca7.json]
[bpplanning.com.my/indexf454.html]
[bpplanning.com.my/resources/useful-links/index.html]
[bpplanning.com.my/wp-json/oembed/1.0/embedc60a]
[bpplanning.com.my/wp-json/oembed/1.0/embed3493.json]
[bpplanning.com.my/indexf488.html]
[bpplanning.com.my/wp-json/oembed/1.0/embed9525]
[bpplanning.com.my/wp-content/uploads/2016/01/careers.jpg]
[bpplanning.com.my/life-financial-planner/index.html]
[bpplanning.com.my/wp-json/oembed/1.0/embed7960.json]
[bpplanning.com.my/indexa42a.html]
[bpplanning.com.my/wp-json/oembed/1.0/embed63f5]
[bpplanning.com.my/life-financial-planner/why-work-with-us/index.html]
[bpplanning.com.my/blueprintplanning.com.my/about/meet-the-team/index.html]
[bpplanning.com.my/wp-json/oembed/1.0/embeddf80.json]
[bpplanning.com.my/index53ba.html]
[bpplanning.com.my/wp-json/oembed/1.0/embeda5f6]
[bpplanning.com.my/life-financial-planner/vacancies/index.html]
[bpplanning.com.my/wp-json/oembed/1.0/embed5597.json]
[bpplanning.com.my/indexa34f.html]
[bpplanning.com.my/life-financial-planner/professional-opportunities/index.html]
[bpplanning.com.my/wp-json/oembed/1.0/embed5584]
[bpplanning.com.my/wp-content/uploads/2016/04/sf.png]
[bpplanning.com.my/wp-content/uploads/2016/04/03.jpg]
[bpplanning.com.my/wp-json/oembed/1.0/embedd980.json]
[bpplanning.com.my/index8eb0.html]
[bpplanning.com.my/wp-json/oembed/1.0/embedec14]
[bpplanning.com.my/strategic-professional-alliance/index.html]
[bpplanning.com.my/wp-json/oembed/1.0/embeda831.json]
[bpplanning.com.my/index7aeb.html]
[bpplanning.com.my/wp-json/oembed/1.0/embedc0e5]
[bpplanning.com.my/wp-content/uploads/2016/01/fatin-1.jpg]
[bpplanning.com.my/wp-content/uploads/2016/01/david-1.jpg]
[bpplanning.com.my/wp-content/uploads/2016/01/wengkiat.jpg]
[bpplanning.com.my/wp-content/uploads/2016/01/najwa.jpg]
[bpplanning.com.my/wp-content/uploads/2016/01/Lilly-.jpg]
[bpplanning.com.my/wp-content/uploads/2016/01/nathini.jpg]
[bpplanning.com.my/life-financial-planner/internships/index.html]
[bpplanning.com.my/wp-content/uploads/2017/09/007-1.jpg]
[bpplanning.com.my/category/news/page/2/index.html]
[bpplanning.com.my/wp-content/uploads/2017/09/008-1.jpg]
[bpplanning.com.my/category/news/feed/index.html]
[bpplanning.com.my/wp-content/uploads/2017/09/009-1.jpg]
[bpplanning.com.my/wp-content/uploads/2016/11/IFP.pdf]
[bpplanning.com.my/wp-content/uploads/2017/09/010-1.jpg]
[bpplanning.com.my/wp-content/uploads/2017/09/011-1.jpg]
[bpplanning.com.my/wp-content/uploads/2017/09/012-1.jpg]
[bpplanning.com.my/wp-content/uploads/2017/09/013-1.jpg]
[bpplanning.com.my/wp-content/uploads/2017/09/014-1.jpg]
[bpplanning.com.my/wp-content/uploads/2017/09/001-1.jpg]
[bpplanning.com.my/wp-content/uploads/2017/09/002-1.jpg]
[bpplanning.com.my/wp-content/uploads/2017/09/003-1.jpg]
[bpplanning.com.my/wp-content/uploads/2017/09/004-1.jpg]
[bpplanning.com.my/wp-content/uploads/2017/09/005-1.jpg]
[bpplanning.com.my/wp-content/uploads/2017/09/006-1.jpg]
[bpplanning.com.my/wp-content/themes/blueprintplanning/css/ilightbox/minimal/ilightbox-minimal-skin49eb.css]
[bpplanning.com.my/category/news/index.html]
[bpplanning.com.my/category/photo-gallery/index.html]
[bpplanning.com.my/management-buyout-mbo-exit-strategy-family-firms/index.html]
[bpplanning.com.my/professional-opportunity-financial-planning/index.html]
[bpplanning.com.my/sc-use-licensed-financial-planner/index.html]
[bpplanning.com.my/wp-json/oembed/1.0/embedf74d.json]
[bpplanning.com.my/financial-literacy-program/index.html]
[bpplanning.com.my/investing-challenging-times/index.html]
[bpplanning.com.my/wp-json/oembed/1.0/embed6885]
[bpplanning.com.my/the-challenges-of-going-independent-in-malaysia/index.html]
[bpplanning.com.my/wp-content/plugins/js_composer/assets/css/lib/typicons/src/font/typicons.min7752.css]
[bpplanning.com.my/contact/index.html]
[bpplanning.com.my/about/meet-the-team/raju-k-ramasamy/index.html]
[bpplanning.com.my/index5831.html]
[bpplanning.com.my/wp-json/oembed/1.0/embed3627.json]
[bpplanning.com.my/index2325.html]
[bpplanning.com.my/wp-json/oembed/1.0/embedd70a]
[secure.skypeassets.com/i/scom/js/skype-uri.js]
[bpplanning.com.my/about/meet-the-team/vp-thanga/index.html]
[bpplanning.com.my/wp-json/oembed/1.0/embed25bb.json]
[bpplanning.com.my/index6905.html]
[bpplanning.com.my/wp-json/oembed/1.0/embedeabe]
[bpplanning.com.my/wp-content/uploads/2016/01/kelly.jpg]
[bpplanning.com.my/about/meet-the-team/kelly-wong-li-yuin/index.html]
[bpplanning.com.my/wp-json/oembed/1.0/embed5129.json]
[bpplanning.com.my/index1beb.html]
[bpplanning.com.my/about/meet-the-team/normaria-omar/index.html]
[bpplanning.com.my/wp-json/oembed/1.0/embede920]
[bpplanning.com.my/wp-content/uploads/2017/09/201709051438.pdf]
[bpplanning.com.my/index652d.html]
[bpplanning.com.my/wp-json/oembed/1.0/embedc8c1.json]
[bpplanning.com.my/wp-json/oembed/1.0/embed6b60]
[bpplanning.com.my/azizi-ali/index.html]
[bpplanning.com.my/wp-json/oembed/1.0/embed24d5.json]
[bpplanning.com.my/index1557.html]
[bpplanning.com.my/wp-json/oembed/1.0/embed6ea8]
[bpplanning.com.my/about/meet-the-team/alex-ng-wern-ping/index.html]
[bpplanning.com.my/wp-json/oembed/1.0/embedb7a9.json]
[bpplanning.com.my/indexdf01.html]
[bpplanning.com.my/wp-json/oembed/1.0/embedb5f7]
[bpplanning.com.my/wp-content/uploads/2016/01/subra-1.jpg]
[bpplanning.com.my/about/meet-the-team/shanmugam-subramanian/index.html]
[bpplanning.com.my/indexedce.html]
[bpplanning.com.my/wp-json/oembed/1.0/embed7ab9.json]
[bpplanning.com.my/wp-json/oembed/1.0/embede01a]
[bpplanning.com.my/about/meet-the-team/gunaseelan-kannan/index.html]
[bpplanning.com.my/wp-json/oembed/1.0/embed64da.json]
[bpplanning.com.my/index14c7.html]
[bpplanning.com.my/wp-json/oembed/1.0/embed2e07]
[bpplanning.com.my/about/meet-the-team/gor-sheau-shuenn/index.html]
[bpplanning.com.my/wp-json/oembed/1.0/embedd0cd.json]
[bpplanning.com.my/index71f3.html]
[bpplanning.com.my/wp-json/oembed/1.0/embed6ffd]
[bpplanning.com.my/about/meet-the-team/yeong-yeng-yee/index.html]
[bpplanning.com.my/wp-json/oembed/1.0/embed29d1.json]
[bpplanning.com.my/indexfef8.html]
[bpplanning.com.my/wp-json/oembed/1.0/embed1142]
[bpplanning.com.my/about/meet-the-team/ravindran-nair-vasudevan-nair/index.html]
[bpplanning.com.my/wp-json/oembed/1.0/embedcf4f.json]
[bpplanning.com.my/professional-business-opportunity-preview-financial-planning-advisory/feed/index.html]
[bpplanning.com.my/indexdd92.html]
[bpplanning.com.my/wp-json/oembed/1.0/embedaa77]
[bpplanning.com.my/wp-content/plugins/pdf-embedder/css/pdfemb-embed-pdf41fe.css]
[bpplanning.com.my/wp-includes/js/comment-reply.mine049.js]
[bpplanning.com.my/wp-content/plugins/pdf-embedder/js/all-pdfemb-basic.min41fe.js]
[bpplanning.com.my/wp-content/plugins/pdf-embedder/js/pdfjs/compatibility.min41fe.js]
[bpplanning.com.my/professional-business-opportunity-preview-financial-planning-advisory/index.html]
[bpplanning.com.my/wp-json/oembed/1.0/embeda714.json]
[bpplanning.com.my/career-helping-people-achieve-financial-freedom/feed/index.html]
[bpplanning.com.my/indexa7f7.html]
[bpplanning.com.my/wp-content/plugins/pdf-embedder/js/pdfjs/pdf.min41fe.js]
[bpplanning.com.my/wp-json/oembed/1.0/embed992f]
[bpplanning.com.my/wp-content/uploads/2016/11/Career-Opportunity-in-Financial-Planning.jpg]
[bpplanning.com.my/career-helping-people-achieve-financial-freedom/index.html]
[bpplanning.com.my/wp-json/oembed/1.0/embed7b98.json]
[bpplanning.com.my/new-heir-managing-inheritance-shuenn-gor/feed/index.html]
[bpplanning.com.my/index6e2d.html]
[bpplanning.com.my/wp-json/oembed/1.0/embed4249]
[bpplanning.com.my/new-heir-managing-inheritance-shuenn-gor/index.html]
[bpplanning.com.my/category/article-videos/index.html]
[bpplanning.com.my/wp-json/oembed/1.0/embed6571.json]
[bpplanning.com.my/strategising-investment-based-income-bracket-risk-profile-shuenn-gor/feed/index.html]
[bpplanning.com.my/wp-json/oembed/1.0/embed09e3]
[bpplanning.com.my/indexa90d.html]
[bpplanning.com.my/strategising-investment-based-income-bracket-risk-profile-shuenn-gor/index.html]
[bpplanning.com.my/wp-json/oembed/1.0/embed9ff2.json]
[bpplanning.com.my/debt-free-vs-retirement-savings-priorities-shuenn-gor/feed/index.html]
[bpplanning.com.my/wp-json/oembed/1.0/embed536f]
[bpplanning.com.my/indexe006.html]
[bpplanning.com.my/wp-content/uploads/2016/05/Professional-Business-Opportunity-1.pdf]
[bpplanning.com.my/debt-free-vs-retirement-savings-priorities-shuenn-gor/index.html]
[bpplanning.com.my/wp-json/oembed/1.0/embed158a.json]
[bpplanning.com.my/retirement-kelly-wong/feed/index.html]
[bpplanning.com.my/wp-json/oembed/1.0/embed335f]
[bpplanning.com.my/indexccbd.html]
[bpplanning.com.my/wp-content/uploads/2018/01/20171218164522822.pdf]
[bpplanning.com.my/retirement-kelly-wong/index.html]
[bpplanning.com.my/wp-json/oembed/1.0/embed80e1.json]
[bpplanning.com.my/making-child-future-millionaire-peter-jose/feed/index.html]
[bpplanning.com.my/wp-json/oembed/1.0/embed3cd8]
[bpplanning.com.my/index90ee.html]
[bpplanning.com.my/wp-content/uploads/2017/09/WHY-RETIREMENT-KELLY-WONG.pdf]
[bpplanning.com.my/making-child-future-millionaire-peter-jose/index.html]
[bpplanning.com.my/wp-json/oembed/1.0/embed7c9c.json]
[bpplanning.com.my/indexc518.html]
[bpplanning.com.my/wp-json/oembed/1.0/embed4f66]
[bpplanning.com.my/disclaimer/index.html]
[bpplanning.com.my/wp-json/oembed/1.0/embed1bbd.json]
[bpplanning.com.my/index1639-2.html]
[bpplanning.com.my/wp-content/uploads/2018/01/20171218164232011.pdf]
[bpplanning.com.my/terms-conditions/index.html]
[bpplanning.com.my/wp-json/oembed/1.0/embedc6e1]
[bpplanning.com.my/wp-json/oembed/1.0/embed98b5.json]
[bpplanning.com.my/index371d.html]
[bpplanning.com.my/privacy-policy/index.html]
[bpplanning.com.my/wp-content/plugins/js_composer/assets/lib/bower/animate-css/animate.min7752.css]
[bpplanning.com.my/wp-content/themes/blueprintplanning/css/lib/hover-css.min7406.css]
[bpplanning.com.my/wp-content/plugins/js_composer/assets/fonts/vc_icons/fonts/VC-Icons8309.svg]
[bpplanning.com.my/wp-content/plugins/js_composer/assets/fonts/vc_grid/vc_grid_v157a1.svg]
[bpplanning.com.my/wp-content/plugins/revslider/public/assets/fonts/revicons/revicons90c6.svg]
[bpplanning.com.my/wp-json/oembed/1.0/embed5bb3]
[bpplanning.com.my/wp-content/themes/blueprintplanning/css/fonts/fontawesome-webfont5b62.svg]
[bpplanning.com.my/wp-content/themes/blueprintplanning/owl.video.play.html]
[bpplanning.com.my/wp-content/themes/social_icons/facebook_16.html]
[bpplanning.com.my/wp-content/themes/social_icons/digg_16.html]
[bpplanning.com.my/wp-content/themes/social_icons/twitter_16.html]
[bpplanning.com.my/wp-content/themes/social_icons/delicious_16.html]
[bpplanning.com.my/wp-content/themes/social_icons/reddit_16.html]
[bpplanning.com.my/wp-content/themes/social_icons/google_plus_16.html]
[bpplanning.com.my/wp-content/themes/blueprintplanning/images/bullets-black.html]
[bpplanning.com.my/wp-content/uploads/smile_fonts/Defaults/Defaults21ea.svg]
[bpplanning.com.my/wp-content/plugins/Ultimate_VC_Addons/assets/min-css/fonts/ult-silk.svg]
[bpplanning.com.my/wp-content/plugins/Ultimate_VC_Addons/assets/css/fonts/ult-silk.svg]
[bpplanning.com.my/indexb5fb.html]
[bpplanning.com.my/wp-json/oembed/1.0/embede94c.json]
[bpplanning.com.my/indexd0ff.html]
[bpplanning.com.my/wp-json/oembed/1.0/embed5a53]
[bpplanning.com.my/wp-content/uploads/2016/07/navitha.jpg]
[bpplanning.com.my/about/meet-the-team/navitha/index.html]
[bpplanning.com.my/wp-json/oembed/1.0/embed2a97.json]
[bpplanning.com.my/indexfe24.html]
[bpplanning.com.my/wp-json/oembed/1.0/embed65e8]
[bpplanning.com.my/wp-content/uploads/2016/01/jathy.jpg]
[bpplanning.com.my/about/meet-the-team/jathy-teow-bih-jiun/index.html]
[bpplanning.com.my/wp-json/oembed/1.0/embed9d23.json]
[bpplanning.com.my/index2847.html]
[bpplanning.com.my/wp-json/oembed/1.0/embedb323]
[bpplanning.com.my/wp-content/uploads/2016/01/akma.jpg]
[bpplanning.com.my/about/meet-the-team/nurul-akmalina-bt-abu-samah/index.html]
[bpplanning.com.my/indexd1a7.html]
[bpplanning.com.my/wp-content/plugins/js_composer/assets/lib/prettyphoto/images/prettyPhoto/default/sprite.png]
[bpplanning.com.my/wp-content/plugins/js_composer/assets/lib/prettyphoto/images/prettyPhoto/default/sprite_x.png]
[bpplanning.com.my/wp-content/plugins/js_composer/assets/lib/prettyphoto/images/prettyPhoto/default/sprite_y.png]
[bpplanning.com.my/wp-content/plugins/js_composer/assets/lib/prettyphoto/images/prettyPhoto/default/sprite_next.png]
[bpplanning.com.my/wp-content/plugins/js_composer/assets/lib/prettyphoto/images/prettyPhoto/default/sprite_prev.png]
[bpplanning.com.my/wp-content/plugins/js_composer/assets/lib/prettyphoto/images/prettyPhoto/default/default_thumb.png]
[bpplanning.com.my/wp-content/plugins/js_composer/assets/lib/prettyphoto/images/prettyPhoto/default/loader.gif]
[bpplanning.com.my/wp-content/plugins/js_composer/assets/lib/prettyphoto/images/prettyPhoto/light_rounded/sprite.png]
[bpplanning.com.my/wp-content/plugins/js_composer/assets/lib/prettyphoto/images/prettyPhoto/light_rounded/btnNext.png]
[bpplanning.com.my/wp-content/plugins/js_composer/assets/lib/prettyphoto/images/prettyPhoto/light_rounded/btnPrevious.png]
[bpplanning.com.my/wp-content/plugins/js_composer/assets/lib/prettyphoto/images/prettyPhoto/light_rounded/loader.gif]
[bpplanning.com.my/wp-content/plugins/js_composer/assets/lib/prettyphoto/images/prettyPhoto/dark_rounded/sprite.png]
[bpplanning.com.my/wp-content/plugins/js_composer/assets/lib/prettyphoto/images/prettyPhoto/dark_rounded/contentPattern.png]
[bpplanning.com.my/wp-content/plugins/js_composer/assets/lib/prettyphoto/images/prettyPhoto/dark_rounded/btnNext.png]
[bpplanning.com.my/wp-content/plugins/js_composer/assets/lib/prettyphoto/images/prettyPhoto/dark_rounded/btnPrevious.png]
[bpplanning.com.my/wp-content/plugins/js_composer/assets/lib/prettyphoto/images/prettyPhoto/dark_rounded/loader.gif]
[bpplanning.com.my/wp-content/plugins/js_composer/assets/lib/prettyphoto/images/prettyPhoto/dark_square/loader.gif]
[bpplanning.com.my/wp-content/plugins/js_composer/assets/lib/prettyphoto/images/prettyPhoto/dark_square/sprite.png]
[bpplanning.com.my/wp-content/plugins/js_composer/assets/lib/prettyphoto/images/prettyPhoto/dark_square/btnNext.png]
[bpplanning.com.my/wp-content/plugins/js_composer/assets/lib/prettyphoto/images/prettyPhoto/dark_square/btnPrevious.png]
[bpplanning.com.my/wp-content/plugins/js_composer/assets/lib/prettyphoto/images/prettyPhoto/light_square/sprite.png]
[bpplanning.com.my/wp-content/plugins/js_composer/assets/lib/prettyphoto/images/prettyPhoto/light_square/btnNext.png]
[bpplanning.com.my/wp-content/plugins/js_composer/assets/lib/prettyphoto/images/prettyPhoto/light_square/btnPrevious.png]
[bpplanning.com.my/wp-content/plugins/js_composer/assets/lib/prettyphoto/images/prettyPhoto/facebook/sprite.png]
[bpplanning.com.my/wp-content/plugins/js_composer/assets/lib/prettyphoto/images/prettyPhoto/facebook/contentPatternTop.png]
[bpplanning.com.my/wp-content/plugins/js_composer/assets/lib/prettyphoto/images/prettyPhoto/facebook/contentPatternLeft.png]
[bpplanning.com.my/wp-content/plugins/js_composer/assets/lib/prettyphoto/images/prettyPhoto/facebook/contentPatternRight.png]
[bpplanning.com.my/wp-content/plugins/js_composer/assets/lib/prettyphoto/images/prettyPhoto/facebook/loader.gif]
[bpplanning.com.my/wp-content/plugins/js_composer/assets/lib/prettyphoto/images/prettyPhoto/facebook/btnNext.png]
[bpplanning.com.my/wp-content/plugins/js_composer/assets/lib/prettyphoto/images/prettyPhoto/facebook/btnPrevious.png]
[bpplanning.com.my/wp-content/plugins/js_composer/assets/lib/prettyphoto/images/prettyPhoto/facebook/contentPatternBottom.png]
[bpplanning.com.my/wp-content/plugins/js_composer/assets/lib/prettyphoto/images/prettyPhoto/facebook/default_thumbnail.gif]
[bpplanning.com.my/wp-content/plugins/js_composer/assets/lib/prettyphoto/css/prettyPhoto.min7752.css]
[bpplanning.com.my/indexdb4e.html]
[bpplanning.com.my/index47f2.html]
[bpplanning.com.my/indexd251.html]
[bpplanning.com.my/index5757.html]
[bpplanning.com.my/indexbc6e.html]
[bpplanning.com.my/indexe4db.html]
[bpplanning.com.my/indexe4c6.html]
[bpplanning.com.my/index8c34.html]
[bpplanning.com.my/index50f6.html]
[bpplanning.com.my/index85b0.html]
[bpplanning.com.my/index1639.html]
[bpplanning.com.my/index4978.html]
[bpplanning.com.my/indexcf9a.html]
[bpplanning.com.my/indexa943.html]
[bpplanning.com.my/index01e4.html]
[bpplanning.com.my/index2dc4.html]
[bpplanning.com.my/index8e01.html]
[bpplanning.com.my/indexada0.html]
[bpplanning.com.my/indexa1ca.html]
[bpplanning.com.my/indexcb8c.html]
[bpplanning.com.my/wp-json/oembed/1.0/embed0836.json]
[bpplanning.com.my/indexd8eb.html]
[bpplanning.com.my/resources/index.html]
[bpplanning.com.my/wp-json/oembed/1.0/embed0571]
[bpplanning.com.my/wp-json/oembed/1.0/embed6cf0.json]
[bpplanning.com.my/father-hero-gunaseelan-al-kannan/feed/index.html]
[bpplanning.com.my/index8005.html]
[bpplanning.com.my/wp-json/oembed/1.0/embed487a]
[bpplanning.com.my/father-hero-gunaseelan-al-kannan/index.html]
[bpplanning.com.my/wp-content/uploads/2017/05/Kelly-article-Why-Invest-Bursa-Mkt-Place.html]
[bpplanning.com.my/wp-json/oembed/1.0/embedb76e.json]
[bpplanning.com.my/risk-protection-planning-fits-financial-planning/feed/index.html]
[bpplanning.com.my/wp-json/oembed/1.0/embed1a33]
[bpplanning.com.my/index9e99.html]
[bpplanning.com.my/wp-content/uploads/2017/09/My-Father-My-Hero.pdf.pdf]
[bpplanning.com.my/risk-protection-planning-fits-financial-planning/index.html]
[bpplanning.com.my/wp-json/oembed/1.0/embedcb60.json]
[bpplanning.com.my/indexb25f.html]
[bpplanning.com.my/wp-json/oembed/1.0/embed8353]
[bpplanning.com.my/retirement-planning-in-your-20s-30s-40s-and-50s/index.html]
[bpplanning.com.my/wp-content/uploads/2018/01/20171218164442397.pdf]
[bpplanning.com.my/wp-json/oembed/1.0/embed462e.json]
[bpplanning.com.my/index8962.html]
[bpplanning.com.my/wp-json/oembed/1.0/embedb8fc]
[bpplanning.com.my/wp-content/uploads/2017/09/Making-your-child-a-future-millionaire-PDF.pdf]
[bpplanning.com.my/malaysian-financial-planner-of-the-year-award-mfpya/index.html]
[bpplanning.com.my/wp-content/uploads/2017/05/30DaysToFinancialFitness-Morningstar.html]
[bpplanning.com.my/wp-json/oembed/1.0/embedf9d9.json]
[bpplanning.com.my/malaysia-financial-planner-year-award-mfpya-2017/feed/index.html]
[bpplanning.com.my/wp-json/oembed/1.0/embeddc8f]
[bpplanning.com.my/malaysia-financial-planner-year-award-mfpya-2017/index.html]
[bpplanning.com.my/indexc58f.html]
[bpplanning.com.my/wp-content/uploads/2016/01/ARTICAL-FROM-MR-SUBRA.pdf]
[bpplanning.com.my/indexff9b.html]
[bpplanning.com.my/indexdd01.html]
[bpplanning.com.my/indexf167.html]
[bpplanning.com.my/indexf454.html]
[bpplanning.com.my/indexf488.html]
[bpplanning.com.my/indexa42a.html]
[bpplanning.com.my/blueprintplanning.com.my/about/meet-the-team/index.html]
[bpplanning.com.my/index53ba.html]
[bpplanning.com.my/indexa34f.html]
[bpplanning.com.my/index8eb0.html]
[bpplanning.com.my/index7aeb.html]
[bpplanning.com.my/client-appreciation-dinner-692017/index.html]
[bpplanning.com.my/wp-content/uploads/2016/01/rj.jpg]
[bpplanning.com.my/protecting-malaysias-wealth-management-image-2/index.html]
[bpplanning.com.my/protecting-malaysias-wealth-management-image/index.html]
[bpplanning.com.my/wp-content/uploads/2016/01/winners1-702x335.jpg]
[bpplanning.com.my/category/news/page/2/index.html]
[bpplanning.com.my/category/news/video/index.html]
[bpplanning.com.my/malaysian-financial-planner-of-the-year-award-mfpya-2015-recognition-ceremony/index.html]
[bpplanning.com.my/category/news/page/1/index.html]
[bpplanning.com.my/wp-content/uploads/2017/09/015.jpg]
[bpplanning.com.my/category/photo-gallery/feed/index.html]
[bpplanning.com.my/wp-content/uploads/2017/04/057.jpg]
[bpplanning.com.my/wp-content/uploads/2017/04/059.jpg]
[bpplanning.com.my/wp-content/uploads/2017/04/060.jpg]
[bpplanning.com.my/wp-content/uploads/2017/04/061.jpg]
[bpplanning.com.my/wp-content/uploads/2016/01/pg38-39-money.pdf]
[bpplanning.com.my/wp-content/uploads/2017/04/062.jpg]
[bpplanning.com.my/wp-content/uploads/2017/04/063.jpg]
[bpplanning.com.my/wp-content/uploads/2017/04/064.jpg]
[bpplanning.com.my/wp-content/uploads/2017/04/001.jpg]
[bpplanning.com.my/wp-content/uploads/2017/04/002.jpg]
[bpplanning.com.my/wp-content/uploads/2017/04/003.jpg]
[bpplanning.com.my/wp-content/uploads/2017/04/004.jpg]
[bpplanning.com.my/wp-content/uploads/2017/04/005.jpg]
[bpplanning.com.my/wp-content/uploads/2017/04/006.jpg]
[bpplanning.com.my/wp-content/uploads/2017/04/007.jpg]
[bpplanning.com.my/wp-content/uploads/2017/04/008.jpg]
[bpplanning.com.my/wp-content/uploads/2017/04/009.jpg]
[bpplanning.com.my/wp-content/uploads/2017/04/010.jpg]
[bpplanning.com.my/wp-content/uploads/2017/04/011.jpg]
[bpplanning.com.my/wp-content/uploads/2017/04/012.jpg]
[bpplanning.com.my/wp-content/uploads/2017/04/013.jpg]
[bpplanning.com.my/wp-content/uploads/2017/04/014.jpg]
[bpplanning.com.my/wp-content/uploads/2017/04/015.jpg]
[bpplanning.com.my/wp-content/uploads/2017/04/016.jpg]
[bpplanning.com.my/wp-content/uploads/2017/04/017.jpg]
[bpplanning.com.my/wp-content/uploads/2017/04/018.jpg]
[bpplanning.com.my/wp-content/uploads/2017/04/019.jpg]
[bpplanning.com.my/wp-content/uploads/2017/04/020.jpg]
[bpplanning.com.my/wp-content/uploads/2017/04/021.jpg]
[bpplanning.com.my/wp-content/uploads/2017/04/022.jpg]
[bpplanning.com.my/wp-content/uploads/2017/04/023.jpg]
[bpplanning.com.my/wp-content/uploads/2017/04/024.jpg]
[bpplanning.com.my/wp-content/uploads/2017/04/025.jpg]
[bpplanning.com.my/wp-content/uploads/2017/04/026.jpg]
[bpplanning.com.my/wp-content/uploads/2017/04/027.jpg]
[bpplanning.com.my/wp-content/uploads/2017/04/028.jpg]
[bpplanning.com.my/wp-content/uploads/2017/04/029.jpg]
[bpplanning.com.my/wp-content/uploads/2017/04/030.jpg]
[bpplanning.com.my/wp-content/uploads/2017/04/031.jpg]
[bpplanning.com.my/wp-content/uploads/2016/07/pg58-59-money-FPAM.pdf]
[bpplanning.com.my/wp-content/uploads/2017/04/032.jpg]
[bpplanning.com.my/wp-content/uploads/2017/04/033.jpg]
[bpplanning.com.my/wp-content/uploads/2017/04/034.jpg]
[bpplanning.com.my/wp-content/uploads/2017/04/035.jpg]
[bpplanning.com.my/wp-content/uploads/2017/04/036.jpg]
[bpplanning.com.my/wp-content/uploads/2017/04/037.jpg]
[bpplanning.com.my/wp-content/uploads/2017/04/038.jpg]
[bpplanning.com.my/wp-content/uploads/2017/04/039.jpg]
[bpplanning.com.my/wp-content/uploads/2017/04/040.jpg]
[bpplanning.com.my/wp-content/uploads/2017/04/041.jpg]
[bpplanning.com.my/wp-content/uploads/2017/04/042.jpg]
[bpplanning.com.my/wp-content/uploads/2017/04/043.jpg]
[bpplanning.com.my/wp-content/uploads/2017/04/044.jpg]
[bpplanning.com.my/wp-content/uploads/2017/04/045.jpg]
[bpplanning.com.my/wp-content/uploads/2017/04/046-1.jpg]
[bpplanning.com.my/wp-content/uploads/2017/04/047.jpg]
[bpplanning.com.my/wp-content/uploads/2017/04/048.jpg]
[bpplanning.com.my/wp-content/uploads/2017/04/049.jpg]
[bpplanning.com.my/wp-content/uploads/2017/04/050.jpg]
[bpplanning.com.my/wp-content/uploads/2017/04/051.jpg]
[bpplanning.com.my/wp-content/uploads/2017/04/052.jpg]
[bpplanning.com.my/wp-content/uploads/2017/04/053.jpg]
[bpplanning.com.my/wp-content/uploads/2017/04/054.jpg]
[bpplanning.com.my/wp-content/uploads/2017/04/055.jpg]
[bpplanning.com.my/wp-content/uploads/2017/04/056.jpg]
[bpplanning.com.my/wp-content/uploads/2016/07/bpp117.jpg]
[bpplanning.com.my/business-plenary-meeting-24-25-february-2017-nature-farm-resort-sepang/index.html]
[bpplanning.com.my/wp-content/uploads/2016/01/001-2-e1453294240264.jpg]
[bpplanning.com.my/blueprint-half-yearly-review-meeting-genting-view-resort-22nd-24th-july-2016/index.html]
[bpplanning.com.my/wp-content/uploads/2016/01/003.jpg]
[bpplanning.com.my/category/photo-gallery/index.html]
[bpplanning.com.my/christmas-celebration-2015-bpp-office/index.html]
[bpplanning.com.my/business-plenary-meeting-2016/index.html]
[bpplanning.com.my/wp-json/oembed/1.0/embed28bc.json]
[bpplanning.com.my/management-buyout-mbo-exit-strategy-family-firms/feed/index.html]
[bpplanning.com.my/wp-json/oembed/1.0/embed0710]
[bpplanning.com.my/indexa32d.html]
[bpplanning.com.my/wp-content/uploads/2016/11/news-lagi.jpg]
[bpplanning.com.my/management-buyout-mbo-exit-strategy-family-firms/index.html]
[bpplanning.com.my/wp-content/uploads/2016/10/01.jpg]
[bpplanning.com.my/wp-json/oembed/1.0/embed7aa4.json]
[bpplanning.com.my/professional-opportunity-financial-planning/feed/index.html]
[bpplanning.com.my/wp-json/oembed/1.0/embedcf02]
[bpplanning.com.my/professional-opportunity-financial-planning/index.html]
[bpplanning.com.my/indexfdfc.html]
[bpplanning.com.my/wp-content/uploads/2016/07/IMG-20160729-WA0006.jpg]
[bpplanning.com.my/wp-json/oembed/1.0/embed5299.json]
[bpplanning.com.my/sc-use-licensed-financial-planner/feed/index.html]
[bpplanning.com.my/indexc9bc.html]
[bpplanning.com.my/sc-use-licensed-financial-planner/index.html]
[bpplanning.com.my/wp-json/oembed/1.0/embed95f0]
[bpplanning.com.my/wp-json/oembed/1.0/embedecab.json]
[bpplanning.com.my/financial-literacy-program/feed/index.html]
[bpplanning.com.my/index08e2.html]
[bpplanning.com.my/wp-json/oembed/1.0/embed88f3]
[bpplanning.com.my/financial-literacy-program/index.html]
[bpplanning.com.my/wp-json/oembed/1.0/embed8ee1.json]
[bpplanning.com.my/investing-challenging-times/feed/index.html]
[bpplanning.com.my/wp-json/oembed/1.0/embedfcb1]
[bpplanning.com.my/indexee96.html]
[bpplanning.com.my/investing-challenging-times/index.html]
[hubbis.com/profiles/photo/1431060085.213.delayed]
[bpplanning.com.my/wp-json/oembed/1.0/embed9fef.json]
[bpplanning.com.my/the-challenges-of-going-independent-in-malaysia/feed/index.html]
[bpplanning.com.my/wp-json/oembed/1.0/embed8c27]
[bpplanning.com.my/the-challenges-of-going-independent-in-malaysia/index.html]
[bpplanning.com.my/indexbbbf.html]
[bpplanning.com.my/wp-content/themes/blueprintplanning/css/ilightbox/minimal/preloader.gif]
[bpplanning.com.my/wp-content/themes/blueprintplanning/css/ilightbox/minimal/skin.png]
[bpplanning.com.my/wp-content/themes/blueprintplanning/css/ilightbox/minimal/ilightbox-minimal-skin49eb.css]
[bpplanning.com.my/index5831.html]
[bpplanning.com.my/wp-content/plugins/js_composer/assets/css/lib/typicons/src/font/typicons.eot]
[bpplanning.com.my/wp-content/plugins/js_composer/assets/css/lib/typicons/src/font/typiconsd41d.eot]
[bpplanning.com.my/wp-content/uploads/2016/04/Flyer-Financial-Literacy-Program-1-1.pdf]
[bpplanning.com.my/wp-content/plugins/js_composer/assets/css/lib/typicons/src/font/typicons.woff]
[bpplanning.com.my/wp-content/uploads/2016/04/FLYER-FINANCIAL-LITERACY-PROGRAM.pdf]
[bpplanning.com.my/wp-content/plugins/js_composer/assets/css/lib/typicons/src/font/typicons.min7752.css]
[bpplanning.com.my/index2325.html]
[bpplanning.com.my/index6905.html]
[bpplanning.com.my/index1beb.html]
[bpplanning.com.my/index652d.html]
[bpplanning.com.my/index1557.html]
[bpplanning.com.my/indexdf01.html]
[bpplanning.com.my/indexedce.html]
[bpplanning.com.my/index14c7.html]
[bpplanning.com.my/index71f3.html]
[bpplanning.com.my/indexfef8.html]
[bpplanning.com.my/indexdd92.html]
[bpplanning.com.my/wp-content/plugins/js_composer/assets/css/lib/typicons/src/font/typicons.svg]
[bpplanning.com.my/wp-content/plugins/pdf-embedder/img/toolbarButton-pageUp.png]
[bpplanning.com.my/wp-content/plugins/pdf-embedder/img/toolbarButton-pageDown.png]
[bpplanning.com.my/wp-content/plugins/pdf-embedder/img/toolbarButton-zoomOut.png]
[bpplanning.com.my/wp-content/plugins/pdf-embedder/img/toolbarButton-zoomIn.png]
[bpplanning.com.my/wp-content/plugins/pdf-embedder/img/toolbarButton-presentationMode.png]
[bpplanning.com.my/wp-content/plugins/pdf-embedder/img/toolbarButton-download.png]
[bpplanning.com.my/wp-content/plugins/pdf-embedder/css/pdfemb-embed-pdf41fe.css]
[bpplanning.com.my/indexa7f7.html]
[bpplanning.com.my/index6e2d.html]
[bpplanning.com.my/category/article-videos/index.html]
[bpplanning.com.my/indexa90d.html]
[bpplanning.com.my/indexe006.html]
[bpplanning.com.my/indexccbd.html]
[bpplanning.com.my/index90ee.html]
[bpplanning.com.my/indexc518.html]
[bpplanning.com.my/index1639-2.html]
[bpplanning.com.my/index371d.html]
[bpplanning.com.my/indexd0ff.html]
[bpplanning.com.my/indexfe24.html]
[bpplanning.com.my/index2847.html]
[bpplanning.com.my/indexd8eb.html]
[bpplanning.com.my/index8005.html]
[bpplanning.com.my/index9e99.html]
[bpplanning.com.my/indexb25f.html]
[bpplanning.com.my/index8962.html]
[bpplanning.com.my/indexc58f.html]
[bpplanning.com.my/wp-content/plugins/js_composer/assets/css/lib/typicons/src/font/typicons.ttf]
[bpplanning.com.my/category/article-videos/feed/index.html]
[bpplanning.com.my/wp-json/oembed/1.0/embedbc52.json]
[bpplanning.com.my/client-appreciation-dinner-692017/feed/index.html]
[bpplanning.com.my/index7d05.html]
[bpplanning.com.my/wp-json/oembed/1.0/embeda74e]
[bpplanning.com.my/client-appreciation-dinner-692017/index.html]
[bpplanning.com.my/wp-content/plugins/js_composer/assets/lib/bower/masonry/dist/masonry.pkgd.min7752.js]
[bpplanning.com.my/wp-json/oembed/1.0/embedc18d.json]
[bpplanning.com.my/protecting-malaysias-wealth-management-image-2/feed/index.html]
[bpplanning.com.my/indexa80c.html]
[bpplanning.com.my/wp-content/uploads/2016/03/FLYER-DTempat-TBA.pdf]
[bpplanning.com.my/wp-json/oembed/1.0/embedf9fb]
[bpplanning.com.my/protecting-malaysias-wealth-management-image-2/index.html]
[bpplanning.com.my/wp-json/oembed/1.0/embed22d3.json]
[bpplanning.com.my/protecting-malaysias-wealth-management-image/feed/index.html]
[bpplanning.com.my/indexb998.html]
[bpplanning.com.my/wp-json/oembed/1.0/embedda32]
[bpplanning.com.my/protecting-malaysias-wealth-management-image/index.html]
[bpplanning.com.my/category/news/video/index.html]
[bpplanning.com.my/category/news/video/feed/index.html]
[bpplanning.com.my/wp-json/oembed/1.0/embed6b95.json]
[bpplanning.com.my/malaysian-financial-planner-of-the-year-award-mfpya-2015-recognition-ceremony/feed/index.html]
[bpplanning.com.my/index2586.html]
[bpplanning.com.my/wp-json/oembed/1.0/embedc552]
[bpplanning.com.my/malaysian-financial-planner-of-the-year-award-mfpya-2015-recognition-ceremony/index.html]
[bpplanning.com.my/category/news/page/1/index.html]
[bpplanning.com.my/wp-content/uploads/2017/04/046.jpg]
[bpplanning.com.my/wp-json/oembed/1.0/embed69c7.json]
[bpplanning.com.my/business-plenary-meeting-24-25-february-2017-nature-farm-resort-sepang/feed/index.html]
[bpplanning.com.my/index854d.html]
[bpplanning.com.my/business-plenary-meeting-24-25-february-2017-nature-farm-resort-sepang/index.html]
[bpplanning.com.my/wp-json/oembed/1.0/embed354f]
[bpplanning.com.my/wp-json/oembed/1.0/embed2f35.json]
[bpplanning.com.my/blueprint-half-yearly-review-meeting-genting-view-resort-22nd-24th-july-2016/feed/index.html]
[bpplanning.com.my/indexdca8.html]
[bpplanning.com.my/wp-json/oembed/1.0/embed383c]
[bpplanning.com.my/blueprint-half-yearly-review-meeting-genting-view-resort-22nd-24th-july-2016/index.html]
[bpplanning.com.my/christmas-celebration-2015-bpp-office/feed/index.html]
[bpplanning.com.my/index5dce.html]
[bpplanning.com.my/wp-json/oembed/1.0/embed86fd.json]
[bpplanning.com.my/wp-json/oembed/1.0/embed0169]
[bpplanning.com.my/christmas-celebration-2015-bpp-office/index.html]
[bpplanning.com.my/wp-json/oembed/1.0/embed012e.json]
[bpplanning.com.my/business-plenary-meeting-2016/feed/index.html]
[bpplanning.com.my/indexc344.html]
[bpplanning.com.my/wp-json/oembed/1.0/embed6ced]
[bpplanning.com.my/business-plenary-meeting-2016/index.html]
[bpplanning.com.my/indexa32d.html]
[bpplanning.com.my/indexfdfc.html]
[bpplanning.com.my/indexc9bc.html]
[bpplanning.com.my/index08e2.html]
[bpplanning.com.my/indexee96.html]
[hubbis.com/profiles/photo/1431060085.html]
[bpplanning.com.my/indexbbbf.html]
[bpplanning.com.my/wp-content/plugins/js_composer/assets/css/lib/typicons/src/font/typicons.svg]
[bpplanning.uatstaging.com/wp-content/uploads/2016/01/transparent.png]
[bpplanning.com.my/index7d05.html]
[bpplanning.com.my/indexa80c.html]
[bpplanning.com.my/indexb998.html]
[bpplanning.com.my/index2586.html]
[bpplanning.com.my/index854d.html]
[bpplanning.com.my/indexdca8.html]
[bpplanning.com.my/index5dce.html]
[bpplanning.com.my/indexc344.html]
